<?xml version="1.0" encoding="UTF-8"?>
<testng-results ignored="0" total="0" passed="0" failed="0" skipped="0">
  <reporter-output>
  </reporter-output>
  <suite started-at="2021-09-27T14:41:34 IST" name="Default suite" finished-at="2021-09-27T14:41:34 IST" duration-ms="257">
    <groups>
      <group name="cucumber">
        <method signature="AbstractTestNGCucumberTests.runScenario(io.cucumber.testng.PickleWrapper,io.cucumber.testng.FeatureWrapper)[pri:0, instance:com.mindtree.runner.TestRunner@60bd273d]" name="runScenario" class="io.cucumber.testng.AbstractTestNGCucumberTests"/>
      </group> <!-- cucumber -->
    </groups>
    <test started-at="2021-09-27T14:41:34 IST" name="Default test" finished-at="2021-09-27T14:41:34 IST" duration-ms="257">
      <class name="com.mindtree.runner.TestRunner">
        <test-method is-config="true" signature="setUpClass()[pri:0, instance:com.mindtree.runner.TestRunner@60bd273d]" started-at="2021-09-27T14:41:34 IST" name="setUpClass" finished-at="2021-09-27T14:41:34 IST" duration-ms="211" status="PASS">
          <reporter-output>
          </reporter-output>
        </test-method> <!-- setUpClass -->
        <test-method is-config="true" signature="tearDownClass()[pri:0, instance:com.mindtree.runner.TestRunner@60bd273d]" started-at="2021-09-27T14:41:34 IST" name="tearDownClass" finished-at="2021-09-27T14:41:34 IST" duration-ms="13" status="PASS">
          <reporter-output>
          </reporter-output>
        </test-method> <!-- tearDownClass -->
      </class> <!-- com.mindtree.runner.TestRunner -->
    </test> <!-- Default test -->
  </suite> <!-- Default suite -->
</testng-results>
